# JRE version: Java(TM) SE Runtime Environment (17.0.2+8) (build 17.0.2+8-LTS-86)
# Java VM: Java HotSpot(TM) 64-Bit Server VM (17.0.2+8-LTS-86, mixed mode, sharing, tiered, compressed oops, compressed class ptrs, g1 gc, windows-amd64)
GC Precious Log:
 CPUs: 8 total, 8 available
 Memory: 7926M
 Large Page Support: Disabled
 NUMA Support: Disabled
 Compressed Oops: Enabled (32-bit)
 Heap Region Size: 1M
 Heap Min Capacity: 8M
 Heap Initial Capacity: 124M
 Heap Max Capacity: 1982M
 Pre-touch: Disabled
 Parallel Workers: 8
 Concurrent Workers: 2
 Concurrent Refinement Workers: 8
 Periodic GC: Disabled
Heap:
 garbage-first heap   total 90112K, used 59872K [0x0000000084200000, 0x0000000100000000)
  region size 1024K, 43 young (44032K), 1 survivors (1024K)
 Metaspace       used 32474K, committed 32832K, reserved 1081344K
  class space    used 3786K, committed 3968K, reserved 1048576K
GC Heap History (20 events):
Event: 5.020 GC heap before
{Heap before GC invocations=2 (full 0):
 garbage-first heap   total 126976K, used 33345K [0x0000000084200000, 0x0000000100000000)
  region size 1024K, 26 young (26624K), 3 survivors (3072K)
 Metaspace       used 21155K, committed 21504K, reserved 1073152K
  class space    used 2614K, committed 2816K, reserved 1048576K
}
Event: 5.023 GC heap after
{Heap after GC invocations=3 (full 0):
 garbage-first heap   total 126976K, used 12711K [0x0000000084200000, 0x0000000100000000)
  region size 1024K, 5 young (5120K), 5 survivors (5120K)
 Metaspace       used 21155K, committed 21504K, reserved 1073152K
  class space    used 2614K, committed 2816K, reserved 1048576K
}
Event: 5.559 GC heap before
{Heap before GC invocations=4 (full 0):
 garbage-first heap   total 48128K, used 35239K [0x0000000084200000, 0x0000000100000000)
  region size 1024K, 28 young (28672K), 5 survivors (5120K)
 Metaspace       used 26976K, committed 27264K, reserved 1073152K
  class space    used 3315K, committed 3456K, reserved 1048576K
}
Event: 5.563 GC heap after
{Heap after GC invocations=5 (full 0):
 garbage-first heap   total 48128K, used 14627K [0x0000000084200000, 0x0000000100000000)
  region size 1024K, 4 young (4096K), 4 survivors (4096K)
 Metaspace       used 26976K, committed 27264K, reserved 1073152K
  class space    used 3315K, committed 3456K, reserved 1048576K
}
Event: 5.581 GC heap before
{Heap before GC invocations=5 (full 0):
 garbage-first heap   total 48128K, used 32035K [0x0000000084200000, 0x0000000100000000)
  region size 1024K, 21 young (21504K), 4 survivors (4096K)
 Metaspace       used 26995K, committed 27264K, reserved 1073152K
  class space    used 3315K, committed 3456K, reserved 1048576K
}
Event: 5.584 GC heap after
{Heap after GC invocations=6 (full 0):
 garbage-first heap   total 48128K, used 15021K [0x0000000084200000, 0x0000000100000000)
  region size 1024K, 1 young (1024K), 1 survivors (1024K)
 Metaspace       used 26995K, committed 27264K, reserved 1073152K
  class space    used 3315K, committed 3456K, reserved 1048576K
}
Event: 5.598 GC heap before
{Heap before GC invocations=6 (full 0):
 garbage-first heap   total 48128K, used 33453K [0x0000000084200000, 0x0000000100000000)
  region size 1024K, 19 young (19456K), 1 survivors (1024K)
 Metaspace       used 26995K, committed 27264K, reserved 1073152K
  class space    used 3315K, committed 3456K, reserved 1048576K
}
Event: 5.599 GC heap after
{Heap after GC invocations=7 (full 0):
 garbage-first heap   total 48128K, used 15400K [0x0000000084200000, 0x0000000100000000)
  region size 1024K, 2 young (2048K), 2 survivors (2048K)
 Metaspace       used 26995K, committed 27264K, reserved 1073152K
  class space    used 3315K, committed 3456K, reserved 1048576K
}
Event: 5.801 GC heap before
{Heap before GC invocations=7 (full 0):
 garbage-first heap   total 48128K, used 33832K [0x0000000084200000, 0x0000000100000000)
  region size 1024K, 20 young (20480K), 2 survivors (2048K)
 Metaspace       used 28984K, committed 29312K, reserved 1081344K
  class space    used 3557K, committed 3712K, reserved 1048576K
}
Event: 5.803 GC heap after
{Heap after GC invocations=8 (full 0):
 garbage-first heap   total 48128K, used 16291K [0x0000000084200000, 0x0000000100000000)
  region size 1024K, 3 young (3072K), 3 survivors (3072K)
 Metaspace       used 28984K, committed 29312K, reserved 1081344K
  class space    used 3557K, committed 3712K, reserved 1048576K
}
Event: 6.071 GC heap before
{Heap before GC invocations=8 (full 0):
 garbage-first heap   total 48128K, used 34723K [0x0000000084200000, 0x0000000100000000)
  region size 1024K, 21 young (21504K), 3 survivors (3072K)
 Metaspace       used 30273K, committed 30592K, reserved 1081344K
  class space    used 3688K, committed 3840K, reserved 1048576K
}
Event: 6.074 GC heap after
{Heap after GC invocations=9 (full 0):
 garbage-first heap   total 48128K, used 18312K [0x0000000084200000, 0x0000000100000000)
  region size 1024K, 3 young (3072K), 3 survivors (3072K)
 Metaspace       used 30273K, committed 30592K, reserved 1081344K
  class space    used 3688K, committed 3840K, reserved 1048576K
}
Event: 6.186 GC heap before
{Heap before GC invocations=9 (full 0):
 garbage-first heap   total 48128K, used 35720K [0x0000000084200000, 0x0000000100000000)
  region size 1024K, 20 young (20480K), 3 survivors (3072K)
 Metaspace       used 30494K, committed 30784K, reserved 1081344K
  class space    used 3689K, committed 3840K, reserved 1048576K
}
Event: 6.189 GC heap after
{Heap after GC invocations=10 (full 0):
 garbage-first heap   total 90112K, used 19581K [0x0000000084200000, 0x0000000100000000)
  region size 1024K, 2 young (2048K), 2 survivors (2048K)
 Metaspace       used 30494K, committed 30784K, reserved 1081344K
  class space    used 3689K, committed 3840K, reserved 1048576K
}
Event: 124.715 GC heap before
{Heap before GC invocations=10 (full 0):
 garbage-first heap   total 90112K, used 65661K [0x0000000084200000, 0x0000000100000000)
  region size 1024K, 48 young (49152K), 2 survivors (2048K)
 Metaspace       used 31395K, committed 31744K, reserved 1081344K
  class space    used 3712K, committed 3840K, reserved 1048576K
}
Event: 124.718 GC heap after
{Heap after GC invocations=11 (full 0):
 garbage-first heap   total 90112K, used 19030K [0x0000000084200000, 0x0000000100000000)
  region size 1024K, 1 young (1024K), 1 survivors (1024K)
 Metaspace       used 31395K, committed 31744K, reserved 1081344K
  class space    used 3712K, committed 3840K, reserved 1048576K
}
Event: 496.795 GC heap before
{Heap before GC invocations=11 (full 0):
 garbage-first heap   total 90112K, used 70230K [0x0000000084200000, 0x0000000100000000)
  region size 1024K, 52 young (53248K), 1 survivors (1024K)
 Metaspace       used 31849K, committed 32192K, reserved 1081344K
  class space    used 3713K, committed 3840K, reserved 1048576K
}
Event: 496.800 GC heap after
{Heap after GC invocations=12 (full 0):
 garbage-first heap   total 90112K, used 18943K [0x0000000084200000, 0x0000000100000000)
  region size 1024K, 1 young (1024K), 1 survivors (1024K)
 Metaspace       used 31849K, committed 32192K, reserved 1081344K
  class space    used 3713K, committed 3840K, reserved 1048576K
}
Event: 1503.129 GC heap before
{Heap before GC invocations=12 (full 0):
 garbage-first heap   total 90112K, used 70143K [0x0000000084200000, 0x0000000100000000)
  region size 1024K, 52 young (53248K), 1 survivors (1024K)
 Metaspace       used 32072K, committed 32384K, reserved 1081344K
  class space    used 3714K, committed 3840K, reserved 1048576K
}
Event: 1503.138 GC heap after
{Heap after GC invocations=13 (full 0):
 garbage-first heap   total 90112K, used 18912K [0x0000000084200000, 0x0000000100000000)
  region size 1024K, 1 young (1024K), 1 survivors (1024K)
 Metaspace       used 32072K, committed 32384K, reserved 1081344K
  class space    used 3714K, committed 3840K, reserved 1048576K
}

