# JRE version: Java(TM) SE Runtime Environment (17.0.2+8) (build 17.0.2+8-LTS-86)
# Java VM: Java HotSpot(TM) 64-Bit Server VM (17.0.2+8-LTS-86, mixed mode, sharing, tiered, compressed oops, compressed class ptrs, g1 gc, windows-amd64)
GC Precious Log:
 CPUs: 8 total, 8 available
 Memory: 7926M
 Large Page Support: Disabled
 NUMA Support: Disabled
 Compressed Oops: Enabled (32-bit)
 Heap Region Size: 1M
 Heap Min Capacity: 8M
 Heap Initial Capacity: 124M
 Heap Max Capacity: 1982M
 Pre-touch: Disabled
 Parallel Workers: 8
 Concurrent Workers: 2
 Concurrent Refinement Workers: 8
 Periodic GC: Disabled
Heap:
 garbage-first heap   total 68608K, used 25245K [0x0000000084200000, 0x0000000100000000)
  region size 1024K, 12 young (12288K), 5 survivors (5120K)
 Metaspace       used 21809K, committed 22144K, reserved 1073152K
  class space    used 2517K, committed 2688K, reserved 1048576K
GC Heap History (12 events):
Event: 2.104 GC heap before
{Heap before GC invocations=0 (full 0):
 garbage-first heap   total 126976K, used 22528K [0x0000000084200000, 0x0000000100000000)
  region size 1024K, 23 young (23552K), 0 survivors (0K)
 Metaspace       used 6996K, committed 7296K, reserved 1056768K
  class space    used 790K, committed 960K, reserved 1048576K
}
Event: 2.130 GC heap after
{Heap after GC invocations=1 (full 0):
 garbage-first heap   total 126976K, used 8712K [0x0000000084200000, 0x0000000100000000)
  region size 1024K, 3 young (3072K), 3 survivors (3072K)
 Metaspace       used 6996K, committed 7296K, reserved 1056768K
  class space    used 790K, committed 960K, reserved 1048576K
}
Event: 3.406 GC heap before
{Heap before GC invocations=1 (full 0):
 garbage-first heap   total 126976K, used 31240K [0x0000000084200000, 0x0000000100000000)
  region size 1024K, 26 young (26624K), 3 survivors (3072K)
 Metaspace       used 13911K, committed 14208K, reserved 1064960K
  class space    used 1649K, committed 1792K, reserved 1048576K
}
Event: 3.412 GC heap after
{Heap after GC invocations=2 (full 0):
 garbage-first heap   total 126976K, used 11544K [0x0000000084200000, 0x0000000100000000)
  region size 1024K, 3 young (3072K), 3 survivors (3072K)
 Metaspace       used 13911K, committed 14208K, reserved 1064960K
  class space    used 1649K, committed 1792K, reserved 1048576K
}
Event: 4.307 GC heap before
{Heap before GC invocations=2 (full 0):
 garbage-first heap   total 126976K, used 59672K [0x0000000084200000, 0x0000000100000000)
  region size 1024K, 50 young (51200K), 3 survivors (3072K)
 Metaspace       used 18068K, committed 18432K, reserved 1064960K
  class space    used 2133K, committed 2304K, reserved 1048576K
}
Event: 4.314 GC heap after
{Heap after GC invocations=3 (full 0):
 garbage-first heap   total 126976K, used 14035K [0x0000000084200000, 0x0000000100000000)
  region size 1024K, 5 young (5120K), 5 survivors (5120K)
 Metaspace       used 18068K, committed 18432K, reserved 1064960K
  class space    used 2133K, committed 2304K, reserved 1048576K
}
Event: 5.704 GC heap before
{Heap before GC invocations=3 (full 0):
 garbage-first heap   total 126976K, used 67283K [0x0000000084200000, 0x0000000100000000)
  region size 1024K, 58 young (59392K), 5 survivors (5120K)
 Metaspace       used 21248K, committed 21504K, reserved 1073152K
  class space    used 2484K, committed 2624K, reserved 1048576K
}
Event: 5.719 GC heap after
{Heap after GC invocations=4 (full 0):
 garbage-first heap   total 126976K, used 18432K [0x0000000084200000, 0x0000000100000000)
  region size 1024K, 9 young (9216K), 9 survivors (9216K)
 Metaspace       used 21248K, committed 21504K, reserved 1073152K
  class space    used 2484K, committed 2624K, reserved 1048576K
}
Event: 6.180 GC heap before
{Heap before GC invocations=5 (full 0):
 garbage-first heap   total 68608K, used 50176K [0x0000000084200000, 0x0000000100000000)
  region size 1024K, 40 young (40960K), 9 survivors (9216K)
 Metaspace       used 21608K, committed 21952K, reserved 1073152K
  class space    used 2511K, committed 2688K, reserved 1048576K
}
Event: 6.191 GC heap after
{Heap after GC invocations=6 (full 0):
 garbage-first heap   total 68608K, used 16534K [0x0000000084200000, 0x0000000100000000)
  region size 1024K, 3 young (3072K), 3 survivors (3072K)
 Metaspace       used 21608K, committed 21952K, reserved 1073152K
  class space    used 2511K, committed 2688K, reserved 1048576K
}
Event: 6.555 GC heap before
{Heap before GC invocations=6 (full 0):
 garbage-first heap   total 68608K, used 48278K [0x0000000084200000, 0x0000000100000000)
  region size 1024K, 34 young (34816K), 3 survivors (3072K)
 Metaspace       used 21709K, committed 22080K, reserved 1073152K
  class space    used 2511K, committed 2688K, reserved 1048576K
}
Event: 6.561 GC heap after
{Heap after GC invocations=7 (full 0):
 garbage-first heap   total 68608K, used 19101K [0x0000000084200000, 0x0000000100000000)
  region size 1024K, 5 young (5120K), 5 survivors (5120K)
 Metaspace       used 21709K, committed 22080K, reserved 1073152K
  class space    used 2511K, committed 2688K, reserved 1048576K
}

