<?xml version="1.0" encoding="UTF-8"?>
<!-- Generated by org.testng.reporters.JUnitXMLReporter -->
<testsuite ignored="0" hostname="SKT-Skillup200" failures="0" tests="1" name="Regression" time="696.315" errors="0" timestamp="2025-02-12T23:53:47 IST">
  <testcase classname="com.seo.verification.RegressionTesting" name="@AfterMethod getResult" time="0.0">
    <failure type="java.lang.NullPointerException" message="Cannot invoke &amp;quot;com.aventstack.extentreports.ExtentTest.log(com.aventstack.extentreports.Status, String)&amp;quot; because &amp;quot;this.extentTest&amp;quot; is null">
      <![CDATA[java.lang.NullPointerException: Cannot invoke "com.aventstack.extentreports.ExtentTest.log(com.aventstack.extentreports.Status, String)" because "this.extentTest" is null
at com.seo.verification.RegressionTesting.getResult(RegressionTesting.java:369)
at java.base/java.util.ArrayList.forEach(ArrayList.java:1596)
... Removed 30 stack frames]]>
    </failure>
  </testcase> <!-- @AfterMethod getResult -->
  <testcase classname="com.seo.verification.RegressionTesting" name="@AfterTest tearDown" time="-1.739384627936E9">
    <skipped/>
  </testcase> <!-- @AfterTest tearDown -->
  <testcase classname="com.seo.verification.RegressionTesting" name="startTesting" time="690.546"/>
</testsuite> <!-- Regression -->
