-------------------------------------------------------------------------------
Test set: com.test.course.TestCourseDetails
-------------------------------------------------------------------------------
Tests run: 1, Failures: 1, Errors: 0, Skipped: 0, Time elapsed: 16.743 s <<< FAILURE! - in com.test.course.TestCourseDetails
validateCourseDetails(com.test.course.TestCourseDetails)  Time elapsed: 12.329 s  <<< FAILURE!
java.lang.IndexOutOfBoundsException: Index 0 out of bounds for length 0
	at com.test.course.TestCourseDetails.faq(TestCourseDetails.java:102)
	at com.test.course.TestCourseDetails.validateCourseDetails(TestCourseDetails.java:79)

