<?xml version="1.0" encoding="UTF-8"?>
<testng-results ignored="0" total="1" passed="1" failed="0" skipped="0">
  <reporter-output>
  </reporter-output>
  <suite started-at="2024-02-19T16:43:31 IST" name="Testing Google Apps" finished-at="2024-02-19T16:43:57 IST" duration-ms="26542">
    <groups>
    </groups>
    <test started-at="2024-02-19T16:43:31 IST" name="Regression" finished-at="2024-02-19T16:43:57 IST" duration-ms="26542">
      <class name="com.seo.regression.testing.RegressionTesting">
        <test-method is-config="true" signature="setup(java.lang.String,java.lang.String)[pri:0, instance:com.seo.regression.testing.RegressionTesting@158d2680]" started-at="2024-02-19T16:43:31 IST" name="setup" finished-at="2024-02-19T16:43:35 IST" duration-ms="4142" status="PASS">
          <params>
            <param index="0">
              <value>
                <![CDATA[Chrome]]>
              </value>
            </param>
            <param index="1">
              <value>
                <![CDATA[stage-in]]>
              </value>
            </param>
          </params>
          <reporter-output>
          </reporter-output>
        </test-method> <!-- setup -->
        <test-method signature="startTest()[pri:0, instance:com.seo.regression.testing.RegressionTesting@158d2680]" started-at="2024-02-19T16:43:35 IST" name="startTest" finished-at="2024-02-19T16:43:57 IST" duration-ms="22372" status="PASS">
          <reporter-output>
          </reporter-output>
        </test-method> <!-- startTest -->
        <test-method is-config="true" signature="afterMethod(org.testng.ITestResult)[pri:0, instance:com.seo.regression.testing.RegressionTesting@158d2680]" started-at="2024-02-19T16:43:57 IST" name="afterMethod" finished-at="2024-02-19T16:43:57 IST" duration-ms="1" status="PASS">
          <params>
            <param index="0">
              <value>
                <![CDATA[[TestResult name=startTest status=SUCCESS method=RegressionTesting.startTest()[pri:0, instance:com.seo.regression.testing.RegressionTesting@158d2680] output={null}]]]>
              </value>
            </param>
          </params>
          <reporter-output>
          </reporter-output>
        </test-method> <!-- afterMethod -->
      </class> <!-- com.seo.regression.testing.RegressionTesting -->
    </test> <!-- Regression -->
  </suite> <!-- Testing Google Apps -->
</testng-results>
