<?xml version="1.0" encoding="UTF-8"?>
<testng-results ignored="0" total="1" passed="1" failed="0" skipped="0">
  <reporter-output>
  </reporter-output>
  <suite started-at="2023-08-15T22:52:57 IST" name="Testing Google Apps" finished-at="2023-08-15T22:57:02 IST" duration-ms="245664">
    <groups>
    </groups>
    <test started-at="2023-08-15T22:52:57 IST" name="Regression" finished-at="2023-08-15T22:57:02 IST" duration-ms="245664">
      <class name="com.seo.regression.testing.RegressionTesting">
        <test-method is-config="true" signature="setup(java.lang.String)[pri:0, instance:com.seo.regression.testing.RegressionTesting@7b2bbc3]" started-at="2023-08-15T22:52:57 IST" name="setup" finished-at="2023-08-15T22:53:01 IST" duration-ms="4615" status="PASS">
          <params>
            <param index="0">
              <value>
                <![CDATA[Chrome]]>
              </value>
            </param>
          </params>
          <reporter-output>
          </reporter-output>
        </test-method> <!-- setup -->
        <test-method signature="startTest()[pri:0, instance:com.seo.regression.testing.RegressionTesting@7b2bbc3]" started-at="2023-08-15T22:53:01 IST" name="startTest" finished-at="2023-08-15T22:57:02 IST" duration-ms="241013" status="PASS">
          <reporter-output>
          </reporter-output>
        </test-method> <!-- startTest -->
        <test-method is-config="true" signature="afterMethod(org.testng.ITestResult)[pri:0, instance:com.seo.regression.testing.RegressionTesting@7b2bbc3]" started-at="2023-08-15T22:57:02 IST" name="afterMethod" finished-at="2023-08-15T22:57:02 IST" duration-ms="2" status="PASS">
          <params>
            <param index="0">
              <value>
                <![CDATA[[TestResult name=startTest status=SUCCESS method=RegressionTesting.startTest()[pri:0, instance:com.seo.regression.testing.RegressionTesting@7b2bbc3] output={null}]]]>
              </value>
            </param>
          </params>
          <reporter-output>
          </reporter-output>
        </test-method> <!-- afterMethod -->
      </class> <!-- com.seo.regression.testing.RegressionTesting -->
    </test> <!-- Regression -->
  </suite> <!-- Testing Google Apps -->
</testng-results>
